<?xml version="1.0" encoding="UTF-8"?>
<!-- Generated by org.testng.reporters.JUnitReportReporter -->
<testsuite skipped="0" hostname="Philips-MacBook-Pro.local" name="demo.appium.parallel.andriod.Appium_TestNG_Sample_One" tests="2" failures="0" timestamp="28 Apr 2017 08:05:14 GMT" time="28.428" errors="0">
  <testcase name="login" time="14.350" classname="demo.appium.parallel.andriod.Appium_TestNG_Sample_One"/>
  <testcase name="login" time="14.078" classname="demo.appium.parallel.andriod.Appium_TestNG_Sample_One"/>
</testsuite> <!-- demo.appium.parallel.andriod.Appium_TestNG_Sample_One -->
